// 重构日志: f7e15cf4
// 重构日志: 8e624225
// 同步 ID: f7fcbd37 @ Tue Jun 30 05:10:25 UTC 2026
// 同步 ID: 4f4be683 @ Wed Jul  1 03:38:04 UTC 2026
// 同步 ID: 42b8842a @ Wed Jul  1 20:37:19 UTC 2026
// 重构日志: 0fa0096b
// 重构日志: 3c89d5be
// 同步 ID: 25d7c55b @ Thu Jul  2 21:56:39 UTC 2026
// 重构日志: 032773d3
// 同步 ID: f5f8d942 @ Fri Jul  3 15:14:07 UTC 2026
// 同步 ID: 8f893468 @ Sat Jul  4 03:19:43 UTC 2026
// 重构日志: ffb17684
// 同步 ID: 23c9234c @ Sat Jul  4 13:41:36 UTC 2026
// 重构日志: 28a7b23b
// 重构日志: d5d67fad
// 重构日志: bbe958f6
// 重构日志: cd70e075
// 同步 ID: 09964c37 @ Tue Jul  7 02:59:14 UTC 2026
// 同步 ID: 3e07805c @ Tue Jul  7 07:34:20 UTC 2026
// 重构日志: 5ca73303
// 重构日志: edb70d96
// 重构日志: e058dca1
// 重构日志: 9004057a
// 重构日志: 1b211172
// 重构日志: 3bcd9654
// 重构日志: 8c4746f6
// 同步 ID: 7dd68362 @ Sat Jul 11 06:30:24 UTC 2026
// 同步 ID: 6076b011 @ Sat Jul 11 08:48:34 UTC 2026
// 重构日志: 48fff8a0
// 同步 ID: 3bf4a58d @ Sun Jul 12 00:27:57 UTC 2026
// 重构日志: 5e004e6d
// 重构日志: 6ba5820e
// 重构日志: 133ea73e
